1584263991688:help
1584264002927:add 1 2
1584264008521:exit
1584264656752:help
1584265422132:ls
1584265433653:help
1584265477572:ls
1584265482107:exit
1584265680304:ls
1584265684636:help
1584265690118:exit
1584265792878:help
1584268277166:ls
1584268280972:help
1584268292956:connect
1584268631135:help
1584268635703:help connect
1584268651268:connect
1584268662775:connect -s 1 -u 1 -p 1
1584268825889:help
1584268864159:connect
1584268873881:connect -s 1 -u 1 -p 1
1584268923085:connect -s 1 -p 1 -u 1
1584268927213:exit
